d:\opengl\glfw-3.3.8\build\examples\wave.dir\debug\vc143.pdb
d:\opengl\glfw-3.3.8\build\examples\wave.dir\debug\glad_gl.obj
d:\opengl\glfw-3.3.8\build\examples\wave.dir\debug\wave.obj
d:\opengl\glfw-3.3.8\build\examples\cmakefiles\generate.stamp
d:\opengl\glfw-3.3.8\build\examples\wave.dir\debug\wave.ilk
d:\opengl\glfw-3.3.8\build\examples\debug\wave.exe
d:\opengl\glfw-3.3.8\build\examples\debug\wave.pdb
d:\opengl\glfw-3.3.8\build\examples\wave.dir\debug\glfw.res
d:\opengl\glfw-3.3.8\build\examples\wave.dir\debug\wave.tlog\cl.command.1.tlog
d:\opengl\glfw-3.3.8\build\examples\wave.dir\debug\wave.tlog\cl.read.1.tlog
d:\opengl\glfw-3.3.8\build\examples\wave.dir\debug\wave.tlog\cl.write.1.tlog
d:\opengl\glfw-3.3.8\build\examples\wave.dir\debug\wave.tlog\custombuild.command.1.tlog
d:\opengl\glfw-3.3.8\build\examples\wave.dir\debug\wave.tlog\custombuild.read.1.tlog
d:\opengl\glfw-3.3.8\build\examples\wave.dir\debug\wave.tlog\custombuild.write.1.tlog
d:\opengl\glfw-3.3.8\build\examples\wave.dir\debug\wave.tlog\link.command.1.tlog
d:\opengl\glfw-3.3.8\build\examples\wave.dir\debug\wave.tlog\link.read.1.tlog
d:\opengl\glfw-3.3.8\build\examples\wave.dir\debug\wave.tlog\link.write.1.tlog
d:\opengl\glfw-3.3.8\build\examples\wave.dir\debug\wave.tlog\rc.command.1.tlog
d:\opengl\glfw-3.3.8\build\examples\wave.dir\debug\wave.tlog\rc.read.1.tlog
d:\opengl\glfw-3.3.8\build\examples\wave.dir\debug\wave.tlog\rc.write.1.tlog
