The system is: Windows - 10.0.19044 - AMD64
Compiling the C compiler identification source file "CMakeCCompilerId.c" succeeded.
Compiler: C:/Program Files/Microsoft Visual Studio/2022/Community/VC/Tools/MSVC/14.35.32215/bin/Hostx86/x64/cl.exe 
Build flags: 
Id flags:  

The output was:
0
用于 x64 的 Microsoft (R) C/C++ 优化编译器 19.35.32217.1 版
版权所有(C) Microsoft Corporation。保留所有权利。

CMakeCCompilerId.c
Microsoft (R) Incremental Linker Version 14.35.32217.1
Copyright (C) Microsoft Corporation.  All rights reserved.

/out:CMakeCCompilerId.exe 
CMakeCCompilerId.obj 


Compilation of the C compiler identification source "CMakeCCompilerId.c" produced "CMakeCCompilerId.exe"

Compilation of the C compiler identification source "CMakeCCompilerId.c" produced "CMakeCCompilerId.obj"

The C compiler identification is MSVC, found in "D:/OneDrive/Study/OpenGL/src/02_05_study_with_vao_count/cmake-build-debug-visual-studio/CMakeFiles/3.25.2/CompilerIdC/CMakeCCompilerId.exe"

Compiling the CXX compiler identification source file "CMakeCXXCompilerId.cpp" succeeded.
Compiler: C:/Program Files/Microsoft Visual Studio/2022/Community/VC/Tools/MSVC/14.35.32215/bin/Hostx86/x64/cl.exe 
Build flags: 
Id flags:  

The output was:
0
用于 x64 的 Microsoft (R) C/C++ 优化编译器 19.35.32217.1 版
版权所有(C) Microsoft Corporation。保留所有权利。

CMakeCXXCompilerId.cpp
Microsoft (R) Incremental Linker Version 14.35.32217.1
Copyright (C) Microsoft Corporation.  All rights reserved.

/out:CMakeCXXCompilerId.exe 
CMakeCXXCompilerId.obj 


Compilation of the CXX compiler identification source "CMakeCXXCompilerId.cpp" produced "CMakeCXXCompilerId.exe"

Compilation of the CXX compiler identification source "CMakeCXXCompilerId.cpp" produced "CMakeCXXCompilerId.obj"

The CXX compiler identification is MSVC, found in "D:/OneDrive/Study/OpenGL/src/02_05_study_with_vao_count/cmake-build-debug-visual-studio/CMakeFiles/3.25.2/CompilerIdCXX/CMakeCXXCompilerId.exe"

Detecting C compiler ABI info compiled with the following output:
Change Dir: D:/OneDrive/Study/OpenGL/src/02_05_study_with_vao_count/cmake-build-debug-visual-studio/CMakeFiles/CMakeScratch/TryCompile-v9k9ac

Run Build Command(s):C:/Users/Administrator/AppData/Local/JetBrains/Toolbox/apps/CLion/ch-0/231.8770.66/bin/ninja/win/x64/ninja.exe cmTC_22a06 && [1/2] Building C object CMakeFiles\cmTC_22a06.dir\CMakeCCompilerABI.c.obj
[2/2] Linking C executable cmTC_22a06.exe



Detecting CXX compiler ABI info compiled with the following output:
Change Dir: D:/OneDrive/Study/OpenGL/src/02_05_study_with_vao_count/cmake-build-debug-visual-studio/CMakeFiles/CMakeScratch/TryCompile-5swkhr

Run Build Command(s):C:/Users/Administrator/AppData/Local/JetBrains/Toolbox/apps/CLion/ch-0/231.8770.66/bin/ninja/win/x64/ninja.exe cmTC_220e7 && [1/2] Building CXX object CMakeFiles\cmTC_220e7.dir\CMakeCXXCompilerABI.cpp.obj
[2/2] Linking CXX executable cmTC_220e7.exe



