d:\opengl\glfw-3.3.8\build\examples\heightmap.dir\debug\vc143.pdb
d:\opengl\glfw-3.3.8\build\examples\heightmap.dir\debug\glad_gl.obj
d:\opengl\glfw-3.3.8\build\examples\heightmap.dir\debug\heightmap.obj
d:\opengl\glfw-3.3.8\build\examples\cmakefiles\generate.stamp
d:\opengl\glfw-3.3.8\build\examples\heightmap.dir\debug\heightmap.ilk
d:\opengl\glfw-3.3.8\build\examples\debug\heightmap.exe
d:\opengl\glfw-3.3.8\build\examples\debug\heightmap.pdb
d:\opengl\glfw-3.3.8\build\examples\heightmap.dir\debug\glfw.res
d:\opengl\glfw-3.3.8\build\examples\heightmap.dir\debug\heightmap.tlog\cl.command.1.tlog
d:\opengl\glfw-3.3.8\build\examples\heightmap.dir\debug\heightmap.tlog\cl.read.1.tlog
d:\opengl\glfw-3.3.8\build\examples\heightmap.dir\debug\heightmap.tlog\cl.write.1.tlog
d:\opengl\glfw-3.3.8\build\examples\heightmap.dir\debug\heightmap.tlog\custombuild.command.1.tlog
d:\opengl\glfw-3.3.8\build\examples\heightmap.dir\debug\heightmap.tlog\custombuild.read.1.tlog
d:\opengl\glfw-3.3.8\build\examples\heightmap.dir\debug\heightmap.tlog\custombuild.write.1.tlog
d:\opengl\glfw-3.3.8\build\examples\heightmap.dir\debug\heightmap.tlog\link.command.1.tlog
d:\opengl\glfw-3.3.8\build\examples\heightmap.dir\debug\heightmap.tlog\link.read.1.tlog
d:\opengl\glfw-3.3.8\build\examples\heightmap.dir\debug\heightmap.tlog\link.write.1.tlog
d:\opengl\glfw-3.3.8\build\examples\heightmap.dir\debug\heightmap.tlog\rc.command.1.tlog
d:\opengl\glfw-3.3.8\build\examples\heightmap.dir\debug\heightmap.tlog\rc.read.1.tlog
d:\opengl\glfw-3.3.8\build\examples\heightmap.dir\debug\heightmap.tlog\rc.write.1.tlog
