The system is: Windows - 10.0.19045 - AMD64
Compiling the C compiler identification source file "CMakeCCompilerId.c" succeeded.
Compiler: C:/Program Files/Microsoft Visual Studio/2022/Community/VC/Tools/MSVC/14.36.32532/bin/Hostx86/x64/cl.exe 
Build flags: 
Id flags:  

The output was:
0
用于 x64 的 Microsoft (R) C/C++ 优化编译器 19.36.32532 版
版权所有(C) Microsoft Corporation。保留所有权利。

CMakeCCompilerId.c
Microsoft (R) Incremental Linker Version 14.36.32532.0
Copyright (C) Microsoft Corporation.  All rights reserved.

/out:CMakeCCompilerId.exe 
CMakeCCompilerId.obj 


Compilation of the C compiler identification source "CMakeCCompilerId.c" produced "CMakeCCompilerId.exe"

Compilation of the C compiler identification source "CMakeCCompilerId.c" produced "CMakeCCompilerId.obj"

The C compiler identification is MSVC, found in "C:/Users/Sven/OneDrive/Study/OpenGL/src/09_03_specular_lighting/cmake-build-debug-visual-studio/CMakeFiles/3.25.2/CompilerIdC/CMakeCCompilerId.exe"

Compiling the CXX compiler identification source file "CMakeCXXCompilerId.cpp" succeeded.
Compiler: C:/Program Files/Microsoft Visual Studio/2022/Community/VC/Tools/MSVC/14.36.32532/bin/Hostx86/x64/cl.exe 
Build flags: 
Id flags:  

The output was:
0
用于 x64 的 Microsoft (R) C/C++ 优化编译器 19.36.32532 版
版权所有(C) Microsoft Corporation。保留所有权利。

CMakeCXXCompilerId.cpp
Microsoft (R) Incremental Linker Version 14.36.32532.0
Copyright (C) Microsoft Corporation.  All rights reserved.

/out:CMakeCXXCompilerId.exe 
CMakeCXXCompilerId.obj 


Compilation of the CXX compiler identification source "CMakeCXXCompilerId.cpp" produced "CMakeCXXCompilerId.exe"

Compilation of the CXX compiler identification source "CMakeCXXCompilerId.cpp" produced "CMakeCXXCompilerId.obj"

The CXX compiler identification is MSVC, found in "C:/Users/Sven/OneDrive/Study/OpenGL/src/09_03_specular_lighting/cmake-build-debug-visual-studio/CMakeFiles/3.25.2/CompilerIdCXX/CMakeCXXCompilerId.exe"

Detecting C compiler ABI info compiled with the following output:
Change Dir: C:/Users/Sven/OneDrive/Study/OpenGL/src/09_03_specular_lighting/cmake-build-debug-visual-studio/CMakeFiles/CMakeScratch/TryCompile-xim69n

Run Build Command(s):C:/Users/Sven/AppData/Local/JetBrains/Toolbox/apps/CLion/ch-0/231.9161.40/bin/ninja/win/x64/ninja.exe cmTC_80c27 && [1/2] Building C object CMakeFiles\cmTC_80c27.dir\CMakeCCompilerABI.c.obj
[2/2] Linking C executable cmTC_80c27.exe



Detecting CXX compiler ABI info compiled with the following output:
Change Dir: C:/Users/Sven/OneDrive/Study/OpenGL/src/09_03_specular_lighting/cmake-build-debug-visual-studio/CMakeFiles/CMakeScratch/TryCompile-pztj43

Run Build Command(s):C:/Users/Sven/AppData/Local/JetBrains/Toolbox/apps/CLion/ch-0/231.9161.40/bin/ninja/win/x64/ninja.exe cmTC_d06c2 && [1/2] Building CXX object CMakeFiles\cmTC_d06c2.dir\CMakeCXXCompilerABI.cpp.obj
[2/2] Linking CXX executable cmTC_d06c2.exe



