d:\opengl\glfw-3.3.8\build\examples\offscreen.dir\debug\vc143.pdb
d:\opengl\glfw-3.3.8\build\examples\offscreen.dir\debug\glad_gl.obj
d:\opengl\glfw-3.3.8\build\examples\offscreen.dir\debug\offscreen.obj
d:\opengl\glfw-3.3.8\build\examples\cmakefiles\generate.stamp
d:\opengl\glfw-3.3.8\build\examples\offscreen.dir\debug\offscreen.ilk
d:\opengl\glfw-3.3.8\build\examples\debug\offscreen.exe
d:\opengl\glfw-3.3.8\build\examples\debug\offscreen.pdb
d:\opengl\glfw-3.3.8\build\examples\offscreen.dir\debug\glfw.res
d:\opengl\glfw-3.3.8\build\examples\offscreen.dir\debug\offscreen.tlog\cl.command.1.tlog
d:\opengl\glfw-3.3.8\build\examples\offscreen.dir\debug\offscreen.tlog\cl.read.1.tlog
d:\opengl\glfw-3.3.8\build\examples\offscreen.dir\debug\offscreen.tlog\cl.write.1.tlog
d:\opengl\glfw-3.3.8\build\examples\offscreen.dir\debug\offscreen.tlog\custombuild.command.1.tlog
d:\opengl\glfw-3.3.8\build\examples\offscreen.dir\debug\offscreen.tlog\custombuild.read.1.tlog
d:\opengl\glfw-3.3.8\build\examples\offscreen.dir\debug\offscreen.tlog\custombuild.write.1.tlog
d:\opengl\glfw-3.3.8\build\examples\offscreen.dir\debug\offscreen.tlog\link.command.1.tlog
d:\opengl\glfw-3.3.8\build\examples\offscreen.dir\debug\offscreen.tlog\link.read.1.tlog
d:\opengl\glfw-3.3.8\build\examples\offscreen.dir\debug\offscreen.tlog\link.write.1.tlog
d:\opengl\glfw-3.3.8\build\examples\offscreen.dir\debug\offscreen.tlog\rc.command.1.tlog
d:\opengl\glfw-3.3.8\build\examples\offscreen.dir\debug\offscreen.tlog\rc.read.1.tlog
d:\opengl\glfw-3.3.8\build\examples\offscreen.dir\debug\offscreen.tlog\rc.write.1.tlog
