d:\opengl\glfw-3.3.8\build\examples\gears.dir\debug\vc143.pdb
d:\opengl\glfw-3.3.8\build\examples\gears.dir\debug\glad_gl.obj
d:\opengl\glfw-3.3.8\build\examples\gears.dir\debug\gears.obj
d:\opengl\glfw-3.3.8\build\examples\cmakefiles\generate.stamp
d:\opengl\glfw-3.3.8\build\examples\gears.dir\debug\gears.ilk
d:\opengl\glfw-3.3.8\build\examples\debug\gears.exe
d:\opengl\glfw-3.3.8\build\examples\debug\gears.pdb
d:\opengl\glfw-3.3.8\build\examples\gears.dir\debug\glfw.res
d:\opengl\glfw-3.3.8\build\examples\gears.dir\debug\gears.tlog\cl.command.1.tlog
d:\opengl\glfw-3.3.8\build\examples\gears.dir\debug\gears.tlog\cl.read.1.tlog
d:\opengl\glfw-3.3.8\build\examples\gears.dir\debug\gears.tlog\cl.write.1.tlog
d:\opengl\glfw-3.3.8\build\examples\gears.dir\debug\gears.tlog\custombuild.command.1.tlog
d:\opengl\glfw-3.3.8\build\examples\gears.dir\debug\gears.tlog\custombuild.read.1.tlog
d:\opengl\glfw-3.3.8\build\examples\gears.dir\debug\gears.tlog\custombuild.write.1.tlog
d:\opengl\glfw-3.3.8\build\examples\gears.dir\debug\gears.tlog\link.command.1.tlog
d:\opengl\glfw-3.3.8\build\examples\gears.dir\debug\gears.tlog\link.read.1.tlog
d:\opengl\glfw-3.3.8\build\examples\gears.dir\debug\gears.tlog\link.write.1.tlog
d:\opengl\glfw-3.3.8\build\examples\gears.dir\debug\gears.tlog\rc.command.1.tlog
d:\opengl\glfw-3.3.8\build\examples\gears.dir\debug\gears.tlog\rc.read.1.tlog
d:\opengl\glfw-3.3.8\build\examples\gears.dir\debug\gears.tlog\rc.write.1.tlog
