d:\opengl\glfw-3.3.8\build\examples\splitview.dir\debug\vc143.pdb
d:\opengl\glfw-3.3.8\build\examples\splitview.dir\debug\glad_gl.obj
d:\opengl\glfw-3.3.8\build\examples\splitview.dir\debug\splitview.obj
d:\opengl\glfw-3.3.8\build\examples\cmakefiles\generate.stamp
d:\opengl\glfw-3.3.8\build\examples\splitview.dir\debug\splitview.ilk
d:\opengl\glfw-3.3.8\build\examples\debug\splitview.exe
d:\opengl\glfw-3.3.8\build\examples\debug\splitview.pdb
d:\opengl\glfw-3.3.8\build\examples\splitview.dir\debug\glfw.res
d:\opengl\glfw-3.3.8\build\examples\splitview.dir\debug\splitview.tlog\cl.command.1.tlog
d:\opengl\glfw-3.3.8\build\examples\splitview.dir\debug\splitview.tlog\cl.read.1.tlog
d:\opengl\glfw-3.3.8\build\examples\splitview.dir\debug\splitview.tlog\cl.write.1.tlog
d:\opengl\glfw-3.3.8\build\examples\splitview.dir\debug\splitview.tlog\custombuild.command.1.tlog
d:\opengl\glfw-3.3.8\build\examples\splitview.dir\debug\splitview.tlog\custombuild.read.1.tlog
d:\opengl\glfw-3.3.8\build\examples\splitview.dir\debug\splitview.tlog\custombuild.write.1.tlog
d:\opengl\glfw-3.3.8\build\examples\splitview.dir\debug\splitview.tlog\link.command.1.tlog
d:\opengl\glfw-3.3.8\build\examples\splitview.dir\debug\splitview.tlog\link.read.1.tlog
d:\opengl\glfw-3.3.8\build\examples\splitview.dir\debug\splitview.tlog\link.write.1.tlog
d:\opengl\glfw-3.3.8\build\examples\splitview.dir\debug\splitview.tlog\rc.command.1.tlog
d:\opengl\glfw-3.3.8\build\examples\splitview.dir\debug\splitview.tlog\rc.read.1.tlog
d:\opengl\glfw-3.3.8\build\examples\splitview.dir\debug\splitview.tlog\rc.write.1.tlog
