d:\opengl\glfw-3.3.8\build\examples\boing.dir\debug\vc143.pdb
d:\opengl\glfw-3.3.8\build\examples\boing.dir\debug\glad_gl.obj
d:\opengl\glfw-3.3.8\build\examples\boing.dir\debug\boing.obj
d:\opengl\glfw-3.3.8\build\examples\cmakefiles\generate.stamp
d:\opengl\glfw-3.3.8\build\examples\boing.dir\debug\boing.ilk
d:\opengl\glfw-3.3.8\build\examples\debug\boing.exe
d:\opengl\glfw-3.3.8\build\examples\debug\boing.pdb
d:\opengl\glfw-3.3.8\build\examples\boing.dir\debug\glfw.res
d:\opengl\glfw-3.3.8\build\examples\boing.dir\debug\boing.tlog\cl.command.1.tlog
d:\opengl\glfw-3.3.8\build\examples\boing.dir\debug\boing.tlog\cl.read.1.tlog
d:\opengl\glfw-3.3.8\build\examples\boing.dir\debug\boing.tlog\cl.write.1.tlog
d:\opengl\glfw-3.3.8\build\examples\boing.dir\debug\boing.tlog\custombuild.command.1.tlog
d:\opengl\glfw-3.3.8\build\examples\boing.dir\debug\boing.tlog\custombuild.read.1.tlog
d:\opengl\glfw-3.3.8\build\examples\boing.dir\debug\boing.tlog\custombuild.write.1.tlog
d:\opengl\glfw-3.3.8\build\examples\boing.dir\debug\boing.tlog\link.command.1.tlog
d:\opengl\glfw-3.3.8\build\examples\boing.dir\debug\boing.tlog\link.read.1.tlog
d:\opengl\glfw-3.3.8\build\examples\boing.dir\debug\boing.tlog\link.write.1.tlog
d:\opengl\glfw-3.3.8\build\examples\boing.dir\debug\boing.tlog\rc.command.1.tlog
d:\opengl\glfw-3.3.8\build\examples\boing.dir\debug\boing.tlog\rc.read.1.tlog
d:\opengl\glfw-3.3.8\build\examples\boing.dir\debug\boing.tlog\rc.write.1.tlog
